2025-04-28T01:43:31 | touched: src/main.rs
2026-01-21T08:58:10 | touched: src/main.rs
2026-01-10T07:09:13 | touched: LICENSE
2025-10-08T04:54:00 | touched: src/main.rs
2026-01-07T12:03:41 | touched: README.md
2025-06-19T13:54:31 | touched: src/lib.rs
2026-01-09T16:31:05 | touched: LICENSE
2025-03-05T18:26:37 | touched: src/main.rs
2025-03-11T12:53:55 | touched: src/lib.rs
2025-02-25T15:07:31 | touched: src/lib.rs
2025-05-19T06:46:29 | touched: README.md
2025-03-04T10:02:00 | touched: Cargo.toml
2025-03-05T08:52:53 | touched: src/main.rs
2025-11-26T11:02:57 | touched: src/lib.rs
2025-03-03T04:01:45 | touched: LICENSE
2025-03-27T13:55:53 | touched: LICENSE
2025-11-11T15:27:27 | touched: LICENSE
2025-11-06T06:41:04 | touched: README.md
2025-11-15T10:56:18 | touched: Cargo.toml
2025-12-06T00:17:01 | touched: LICENSE
2025-10-13T10:49:09 | touched: Cargo.toml
2025-09-25T17:04:29 | touched: src/main.rs
2025-06-02T13:42:43 | touched: README.md
2025-08-04T10:19:47 | touched: LICENSE
2025-07-03T17:14:41 | touched: Cargo.toml
2025-03-09T22:41:14 | touched: src/main.rs
2025-04-11T07:48:36 | touched: README.md
2025-09-08T19:28:37 | touched: LICENSE
2025-09-23T07:35:55 | touched: src/lib.rs
2025-10-09T16:53:42 | touched: README.md
2025-11-05T14:17:09 | touched: README.md
2025-05-22T16:06:04 | touched: Cargo.toml
